{"/Users/sabin2000/Desktop/eHouseholds/backend/controllers/applianceController.js": {"path":"/Users/sabin2000/Desktop/eHouseholds/backend/controllers/applianceController.js","statementMap":{"0":{"start":{"line":1,"column":18},"end":{"line":1,"column":53}},"1":{"start":{"line":2,"column":19},"end":{"line":2,"column":49}},"2":{"start":{"line":3,"column":11},"end":{"line":3,"column":14}},"3":{"start":{"line":4,"column":16},"end":{"line":4,"column":19}},"4":{"start":{"line":5,"column":16},"end":{"line":5,"column":19}},"5":{"start":{"line":6,"column":17},"end":{"line":6,"column":20}},"6":{"start":{"line":7,"column":19},"end":{"line":7,"column":22}},"7":{"start":{"line":8,"column":20},"end":{"line":8,"column":23}},"8":{"start":{"line":10,"column":0},"end":{"line":13,"column":3}},"9":{"start":{"line":11,"column":26},"end":{"line":11,"column":48}},"10":{"start":{"line":12,"column":4},"end":{"line":12,"column":53}},"11":{"start":{"line":15,"column":0},"end":{"line":22,"column":3}},"12":{"start":{"line":16,"column":39},"end":{"line":16,"column":51}},"13":{"start":{"line":18,"column":25},"end":{"line":18,"column":66}},"14":{"start":{"line":19,"column":4},"end":{"line":19,"column":30}},"15":{"start":{"line":21,"column":4},"end":{"line":21,"column":53}},"16":{"start":{"line":24,"column":0},"end":{"line":32,"column":3}},"17":{"start":{"line":25,"column":15},"end":{"line":25,"column":32}},"18":{"start":{"line":27,"column":4},"end":{"line":29,"column":5}},"19":{"start":{"line":34,"column":0},"end":{"line":41,"column":3}},"20":{"start":{"line":35,"column":15},"end":{"line":35,"column":32}},"21":{"start":{"line":37,"column":4},"end":{"line":39,"column":5}},"22":{"start":{"line":43,"column":0},"end":{"line":45,"column":3}},"23":{"start":{"line":44,"column":15},"end":{"line":44,"column":32}},"24":{"start":{"line":47,"column":0},"end":{"line":49,"column":2}},"25":{"start":{"line":51,"column":0},"end":{"line":54,"column":3}},"26":{"start":{"line":52,"column":24},"end":{"line":52,"column":42}},"27":{"start":{"line":53,"column":22},"end":{"line":53,"column":34}},"28":{"start":{"line":56,"column":0},"end":{"line":60,"column":3}},"29":{"start":{"line":58,"column":24},"end":{"line":58,"column":42}},"30":{"start":{"line":59,"column":23},"end":{"line":59,"column":38}}},"fnMap":{"0":{"name":"(anonymous_0)","decl":{"start":{"line":10,"column":45},"end":{"line":10,"column":46}},"loc":{"start":{"line":10,"column":80},"end":{"line":13,"column":1}},"line":10},"1":{"name":"(anonymous_1)","decl":{"start":{"line":15,"column":44},"end":{"line":15,"column":45}},"loc":{"start":{"line":15,"column":79},"end":{"line":22,"column":1}},"line":15},"2":{"name":"(anonymous_2)","decl":{"start":{"line":24,"column":45},"end":{"line":24,"column":46}},"loc":{"start":{"line":24,"column":80},"end":{"line":32,"column":1}},"line":24},"3":{"name":"(anonymous_3)","decl":{"start":{"line":34,"column":42},"end":{"line":34,"column":43}},"loc":{"start":{"line":34,"column":77},"end":{"line":41,"column":1}},"line":34},"4":{"name":"(anonymous_4)","decl":{"start":{"line":43,"column":44},"end":{"line":43,"column":45}},"loc":{"start":{"line":43,"column":79},"end":{"line":45,"column":1}},"line":43},"5":{"name":"(anonymous_5)","decl":{"start":{"line":47,"column":45},"end":{"line":47,"column":46}},"loc":{"start":{"line":47,"column":80},"end":{"line":49,"column":1}},"line":47},"6":{"name":"(anonymous_6)","decl":{"start":{"line":51,"column":43},"end":{"line":51,"column":44}},"loc":{"start":{"line":51,"column":78},"end":{"line":54,"column":1}},"line":51},"7":{"name":"(anonymous_7)","decl":{"start":{"line":56,"column":44},"end":{"line":56,"column":45}},"loc":{"start":{"line":56,"column":79},"end":{"line":60,"column":1}},"line":56}},"branchMap":{"0":{"loc":{"start":{"line":27,"column":4},"end":{"line":29,"column":5}},"type":"if","locations":[{"start":{"line":27,"column":4},"end":{"line":29,"column":5}},{"start":{},"end":{}}],"line":27},"1":{"loc":{"start":{"line":37,"column":4},"end":{"line":39,"column":5}},"type":"if","locations":[{"start":{"line":37,"column":4},"end":{"line":39,"column":5}},{"start":{},"end":{}}],"line":37}},"s":{"0":1,"1":1,"2":1,"3":1,"4":1,"5":1,"6":1,"7":1,"8":1,"9":1,"10":1,"11":1,"12":1,"13":1,"14":1,"15":1,"16":1,"17":0,"18":0,"19":1,"20":0,"21":0,"22":1,"23":0,"24":1,"25":1,"26":0,"27":0,"28":1,"29":0,"30":0},"f":{"0":1,"1":1,"2":0,"3":0,"4":0,"5":0,"6":0,"7":0},"b":{"0":[0,0],"1":[0,0]},"_coverageSchema":"1a1c01bbd47fc00a2c39e90264f33305004495a9","hash":"7e5d95f822bf36ee7b9cbac91f7bdc1048f5c0cd"}
,"/Users/sabin2000/Desktop/eHouseholds/backend/controllers/authController.js": {"path":"/Users/sabin2000/Desktop/eHouseholds/backend/controllers/authController.js","statementMap":{"0":{"start":{"line":1,"column":14},"end":{"line":1,"column":45}},"1":{"start":{"line":2,"column":19},"end":{"line":2,"column":49}},"2":{"start":{"line":3,"column":11},"end":{"line":3,"column":14}},"3":{"start":{"line":4,"column":16},"end":{"line":4,"column":19}},"4":{"start":{"line":5,"column":19},"end":{"line":5,"column":22}},"5":{"start":{"line":6,"column":21},"end":{"line":6,"column":24}},"6":{"start":{"line":7,"column":18},"end":{"line":7,"column":21}},"7":{"start":{"line":8,"column":17},"end":{"line":8,"column":20}},"8":{"start":{"line":9,"column":20},"end":{"line":9,"column":23}},"9":{"start":{"line":11,"column":0},"end":{"line":22,"column":3}},"10":{"start":{"line":12,"column":61},"end":{"line":12,"column":73}},"11":{"start":{"line":14,"column":4},"end":{"line":16,"column":5}},"12":{"start":{"line":15,"column":8},"end":{"line":15,"column":103}},"13":{"start":{"line":18,"column":21},"end":{"line":18,"column":83}},"14":{"start":{"line":19,"column":4},"end":{"line":19,"column":26}},"15":{"start":{"line":21,"column":4},"end":{"line":21,"column":39}},"16":{"start":{"line":24,"column":0},"end":{"line":46,"column":3}},"17":{"start":{"line":25,"column":37},"end":{"line":25,"column":49}},"18":{"start":{"line":27,"column":4},"end":{"line":29,"column":5}},"19":{"start":{"line":28,"column":8},"end":{"line":28,"column":124}},"20":{"start":{"line":31,"column":18},"end":{"line":31,"column":73}},"21":{"start":{"line":33,"column":4},"end":{"line":35,"column":5}},"22":{"start":{"line":34,"column":8},"end":{"line":34,"column":113}},"23":{"start":{"line":38,"column":27},"end":{"line":38,"column":70}},"24":{"start":{"line":40,"column":4},"end":{"line":42,"column":5}},"25":{"start":{"line":41,"column":8},"end":{"line":41,"column":111}},"26":{"start":{"line":44,"column":4},"end":{"line":44,"column":36}},"27":{"start":{"line":48,"column":0},"end":{"line":55,"column":3}},"28":{"start":{"line":49,"column":27},"end":{"line":49,"column":39}},"29":{"start":{"line":51,"column":4},"end":{"line":53,"column":5}},"30":{"start":{"line":57,"column":0},"end":{"line":59,"column":2}},"31":{"start":{"line":58,"column":4},"end":{"line":58,"column":18}},"32":{"start":{"line":61,"column":0},"end":{"line":69,"column":3}},"33":{"start":{"line":63,"column":4},"end":{"line":67,"column":5}},"34":{"start":{"line":64,"column":26},"end":{"line":64,"column":44}},"35":{"start":{"line":66,"column":8},"end":{"line":66,"column":52}},"36":{"start":{"line":71,"column":18},"end":{"line":75,"column":1}},"37":{"start":{"line":72,"column":19},"end":{"line":72,"column":53}},"38":{"start":{"line":74,"column":5},"end":{"line":74,"column":48}}},"fnMap":{"0":{"name":"(anonymous_0)","decl":{"start":{"line":11,"column":42},"end":{"line":11,"column":43}},"loc":{"start":{"line":11,"column":78},"end":{"line":22,"column":1}},"line":11},"1":{"name":"(anonymous_1)","decl":{"start":{"line":24,"column":39},"end":{"line":24,"column":40}},"loc":{"start":{"line":24,"column":74},"end":{"line":46,"column":1}},"line":24},"2":{"name":"(anonymous_2)","decl":{"start":{"line":48,"column":43},"end":{"line":48,"column":44}},"loc":{"start":{"line":48,"column":78},"end":{"line":55,"column":1}},"line":48},"3":{"name":"(anonymous_3)","decl":{"start":{"line":57,"column":47},"end":{"line":57,"column":48}},"loc":{"start":{"line":57,"column":82},"end":{"line":59,"column":1}},"line":57},"4":{"name":"(anonymous_4)","decl":{"start":{"line":61,"column":43},"end":{"line":61,"column":44}},"loc":{"start":{"line":61,"column":78},"end":{"line":69,"column":1}},"line":61},"5":{"name":"(anonymous_5)","decl":{"start":{"line":71,"column":18},"end":{"line":71,"column":19}},"loc":{"start":{"line":71,"column":47},"end":{"line":75,"column":1}},"line":71}},"branchMap":{"0":{"loc":{"start":{"line":14,"column":4},"end":{"line":16,"column":5}},"type":"if","locations":[{"start":{"line":14,"column":4},"end":{"line":16,"column":5}},{"start":{},"end":{}}],"line":14},"1":{"loc":{"start":{"line":14,"column":7},"end":{"line":14,"column":66}},"type":"binary-expr","locations":[{"start":{"line":14,"column":7},"end":{"line":14,"column":16}},{"start":{"line":14,"column":20},"end":{"line":14,"column":33}},{"start":{"line":14,"column":37},"end":{"line":14,"column":46}},{"start":{"line":14,"column":50},"end":{"line":14,"column":66}}],"line":14},"2":{"loc":{"start":{"line":27,"column":4},"end":{"line":29,"column":5}},"type":"if","locations":[{"start":{"line":27,"column":4},"end":{"line":29,"column":5}},{"start":{},"end":{}}],"line":27},"3":{"loc":{"start":{"line":27,"column":7},"end":{"line":27,"column":33}},"type":"binary-expr","locations":[{"start":{"line":27,"column":7},"end":{"line":27,"column":20}},{"start":{"line":27,"column":24},"end":{"line":27,"column":33}}],"line":27},"4":{"loc":{"start":{"line":33,"column":4},"end":{"line":35,"column":5}},"type":"if","locations":[{"start":{"line":33,"column":4},"end":{"line":35,"column":5}},{"start":{},"end":{}}],"line":33},"5":{"loc":{"start":{"line":40,"column":4},"end":{"line":42,"column":5}},"type":"if","locations":[{"start":{"line":40,"column":4},"end":{"line":42,"column":5}},{"start":{},"end":{}}],"line":40},"6":{"loc":{"start":{"line":51,"column":4},"end":{"line":53,"column":5}},"type":"if","locations":[{"start":{"line":51,"column":4},"end":{"line":53,"column":5}},{"start":{},"end":{}}],"line":51},"7":{"loc":{"start":{"line":63,"column":4},"end":{"line":67,"column":5}},"type":"if","locations":[{"start":{"line":63,"column":4},"end":{"line":67,"column":5}},{"start":{},"end":{}}],"line":63}},"s":{"0":1,"1":1,"2":1,"3":1,"4":1,"5":1,"6":1,"7":1,"8":1,"9":1,"10":1,"11":1,"12":0,"13":1,"14":1,"15":0,"16":1,"17":1,"18":1,"19":0,"20":1,"21":1,"22":0,"23":1,"24":1,"25":0,"26":1,"27":1,"28":0,"29":0,"30":1,"31":0,"32":1,"33":1,"34":1,"35":1,"36":1,"37":1,"38":1},"f":{"0":1,"1":1,"2":0,"3":0,"4":1,"5":1},"b":{"0":[0,1],"1":[1,1,1,1],"2":[0,1],"3":[1,1],"4":[0,1],"5":[0,1],"6":[0,0],"7":[1,0]},"_coverageSchema":"1a1c01bbd47fc00a2c39e90264f33305004495a9","hash":"a291cab4d6ce75179bf2c79c0478a1310a62c7f1"}
,"/Users/sabin2000/Desktop/eHouseholds/backend/database/db.js": {"path":"/Users/sabin2000/Desktop/eHouseholds/backend/database/db.js","statementMap":{"0":{"start":{"line":1,"column":17},"end":{"line":1,"column":36}},"1":{"start":{"line":2,"column":20},"end":{"line":2,"column":43}},"2":{"start":{"line":4,"column":18},"end":{"line":24,"column":1}},"3":{"start":{"line":5,"column":4},"end":{"line":23,"column":5}},"4":{"start":{"line":6,"column":8},"end":{"line":15,"column":10}},"5":{"start":{"line":7,"column":12},"end":{"line":14,"column":13}},"6":{"start":{"line":9,"column":16},"end":{"line":9,"column":62}},"7":{"start":{"line":13,"column":16},"end":{"line":13,"column":82}},"8":{"start":{"line":20,"column":8},"end":{"line":22,"column":9}},"9":{"start":{"line":21,"column":12},"end":{"line":21,"column":38}},"10":{"start":{"line":26,"column":0},"end":{"line":26,"column":27}}},"fnMap":{"0":{"name":"(anonymous_0)","decl":{"start":{"line":4,"column":18},"end":{"line":4,"column":19}},"loc":{"start":{"line":4,"column":30},"end":{"line":24,"column":1}},"line":4},"1":{"name":"(anonymous_1)","decl":{"start":{"line":6,"column":56},"end":{"line":6,"column":57}},"loc":{"start":{"line":6,"column":64},"end":{"line":15,"column":9}},"line":6}},"branchMap":{"0":{"loc":{"start":{"line":7,"column":12},"end":{"line":14,"column":13}},"type":"if","locations":[{"start":{"line":7,"column":12},"end":{"line":14,"column":13}},{"start":{"line":12,"column":17},"end":{"line":14,"column":13}}],"line":7},"1":{"loc":{"start":{"line":20,"column":8},"end":{"line":22,"column":9}},"type":"if","locations":[{"start":{"line":20,"column":8},"end":{"line":22,"column":9}},{"start":{},"end":{}}],"line":20}},"s":{"0":1,"1":1,"2":1,"3":1,"4":1,"5":1,"6":1,"7":0,"8":0,"9":0,"10":1},"f":{"0":1,"1":1},"b":{"0":[1,0],"1":[0,0]},"_coverageSchema":"1a1c01bbd47fc00a2c39e90264f33305004495a9","hash":"5a81184a13fda4758309d5eeb1a10d2c5d294dd8"}
,"/Users/sabin2000/Desktop/eHouseholds/backend/models/adminModel.js": {"path":"/Users/sabin2000/Desktop/eHouseholds/backend/models/adminModel.js","statementMap":{"0":{"start":{"line":1,"column":17},"end":{"line":1,"column":36}},"1":{"start":{"line":2,"column":12},"end":{"line":2,"column":35}},"2":{"start":{"line":3,"column":15},"end":{"line":3,"column":34}},"3":{"start":{"line":4,"column":15},"end":{"line":4,"column":32}},"4":{"start":{"line":6,"column":20},"end":{"line":46,"column":2}},"5":{"start":{"line":30,"column":17},"end":{"line":30,"column":48}},"6":{"start":{"line":50,"column":0},"end":{"line":61,"column":3}},"7":{"start":{"line":52,"column":4},"end":{"line":54,"column":5}},"8":{"start":{"line":53,"column":8},"end":{"line":53,"column":22}},"9":{"start":{"line":57,"column":4},"end":{"line":57,"column":57}},"10":{"start":{"line":58,"column":4},"end":{"line":58,"column":37}},"11":{"start":{"line":60,"column":4},"end":{"line":60,"column":18}},"12":{"start":{"line":63,"column":0},"end":{"line":70,"column":2}},"13":{"start":{"line":64,"column":4},"end":{"line":66,"column":5}},"14":{"start":{"line":65,"column":8},"end":{"line":65,"column":22}},"15":{"start":{"line":68,"column":4},"end":{"line":68,"column":46}},"16":{"start":{"line":69,"column":4},"end":{"line":69,"column":18}},"17":{"start":{"line":72,"column":0},"end":{"line":74,"column":1}},"18":{"start":{"line":73,"column":4},"end":{"line":73,"column":64}},"19":{"start":{"line":76,"column":0},"end":{"line":78,"column":1}},"20":{"start":{"line":77,"column":4},"end":{"line":77,"column":101}},"21":{"start":{"line":80,"column":14},"end":{"line":80,"column":50}},"22":{"start":{"line":82,"column":0},"end":{"line":82,"column":23}}},"fnMap":{"0":{"name":"(anonymous_0)","decl":{"start":{"line":29,"column":23},"end":{"line":29,"column":24}},"loc":{"start":{"line":29,"column":39},"end":{"line":31,"column":13}},"line":29},"1":{"name":"(anonymous_1)","decl":{"start":{"line":50,"column":24},"end":{"line":50,"column":25}},"loc":{"start":{"line":50,"column":45},"end":{"line":61,"column":1}},"line":50},"2":{"name":"(anonymous_2)","decl":{"start":{"line":63,"column":24},"end":{"line":63,"column":25}},"loc":{"start":{"line":63,"column":45},"end":{"line":70,"column":1}},"line":63},"3":{"name":"(anonymous_3)","decl":{"start":{"line":72,"column":44},"end":{"line":72,"column":45}},"loc":{"start":{"line":72,"column":76},"end":{"line":74,"column":1}},"line":72},"4":{"name":"(anonymous_4)","decl":{"start":{"line":76,"column":49},"end":{"line":76,"column":50}},"loc":{"start":{"line":76,"column":60},"end":{"line":78,"column":1}},"line":76}},"branchMap":{"0":{"loc":{"start":{"line":52,"column":4},"end":{"line":54,"column":5}},"type":"if","locations":[{"start":{"line":52,"column":4},"end":{"line":54,"column":5}},{"start":{},"end":{}}],"line":52},"1":{"loc":{"start":{"line":64,"column":4},"end":{"line":66,"column":5}},"type":"if","locations":[{"start":{"line":64,"column":4},"end":{"line":66,"column":5}},{"start":{},"end":{}}],"line":64}},"s":{"0":1,"1":1,"2":1,"3":1,"4":1,"5":1,"6":1,"7":1,"8":0,"9":1,"10":1,"11":1,"12":1,"13":1,"14":0,"15":1,"16":1,"17":1,"18":1,"19":1,"20":1,"21":1,"22":1},"f":{"0":1,"1":1,"2":1,"3":1,"4":1},"b":{"0":[0,1],"1":[0,1]},"_coverageSchema":"1a1c01bbd47fc00a2c39e90264f33305004495a9","hash":"71848f309d17d99539e22aa068447d983f195a52"}
,"/Users/sabin2000/Desktop/eHouseholds/backend/models/applianceModel.js": {"path":"/Users/sabin2000/Desktop/eHouseholds/backend/models/applianceModel.js","statementMap":{"0":{"start":{"line":1,"column":17},"end":{"line":1,"column":36}},"1":{"start":{"line":3,"column":24},"end":{"line":18,"column":2}},"2":{"start":{"line":20,"column":18},"end":{"line":20,"column":62}},"3":{"start":{"line":21,"column":0},"end":{"line":21,"column":27}}},"fnMap":{},"branchMap":{},"s":{"0":1,"1":1,"2":1,"3":1},"f":{},"b":{},"_coverageSchema":"1a1c01bbd47fc00a2c39e90264f33305004495a9","hash":"307158274f73daa8d93be38e93065813d68e5301"}
,"/Users/sabin2000/Desktop/eHouseholds/backend/routes/applianceRoutes.js": {"path":"/Users/sabin2000/Desktop/eHouseholds/backend/routes/applianceRoutes.js","statementMap":{"0":{"start":{"line":1,"column":16},"end":{"line":1,"column":34}},"1":{"start":{"line":2,"column":24},"end":{"line":2,"column":40}},"2":{"start":{"line":3,"column":28},"end":{"line":3,"column":73}},"3":{"start":{"line":5,"column":0},"end":{"line":5,"column":85}},"4":{"start":{"line":6,"column":0},"end":{"line":6,"column":85}},"5":{"start":{"line":7,"column":0},"end":{"line":7,"column":84}},"6":{"start":{"line":8,"column":0},"end":{"line":8,"column":95}},"7":{"start":{"line":9,"column":0},"end":{"line":9,"column":89}},"8":{"start":{"line":10,"column":0},"end":{"line":10,"column":98}},"9":{"start":{"line":12,"column":0},"end":{"line":12,"column":82}},"10":{"start":{"line":13,"column":0},"end":{"line":13,"column":84}},"11":{"start":{"line":15,"column":0},"end":{"line":15,"column":33}}},"fnMap":{},"branchMap":{},"s":{"0":1,"1":1,"2":1,"3":1,"4":1,"5":1,"6":1,"7":1,"8":1,"9":1,"10":1,"11":1},"f":{},"b":{},"_coverageSchema":"1a1c01bbd47fc00a2c39e90264f33305004495a9","hash":"e43424713e6074f87d2a5b5d45b4592ec0541cb2"}
,"/Users/sabin2000/Desktop/eHouseholds/backend/routes/authRoutes.js": {"path":"/Users/sabin2000/Desktop/eHouseholds/backend/routes/authRoutes.js","statementMap":{"0":{"start":{"line":1,"column":16},"end":{"line":1,"column":34}},"1":{"start":{"line":2,"column":19},"end":{"line":2,"column":35}},"2":{"start":{"line":3,"column":23},"end":{"line":3,"column":63}},"3":{"start":{"line":5,"column":0},"end":{"line":5,"column":71}},"4":{"start":{"line":6,"column":0},"end":{"line":6,"column":65}},"5":{"start":{"line":7,"column":0},"end":{"line":7,"column":73}},"6":{"start":{"line":8,"column":0},"end":{"line":8,"column":75}},"7":{"start":{"line":9,"column":0},"end":{"line":9,"column":69}},"8":{"start":{"line":11,"column":0},"end":{"line":11,"column":28}}},"fnMap":{},"branchMap":{},"s":{"0":1,"1":1,"2":1,"3":1,"4":1,"5":1,"6":1,"7":1,"8":1},"f":{},"b":{},"_coverageSchema":"1a1c01bbd47fc00a2c39e90264f33305004495a9","hash":"3185dcadb07b39495fc30ca03caef36e085adcdd"}
,"/Users/sabin2000/Desktop/eHouseholds/backend/server/server.js": {"path":"/Users/sabin2000/Desktop/eHouseholds/backend/server/server.js","statementMap":{"0":{"start":{"line":1,"column":16},"end":{"line":1,"column":34}},"1":{"start":{"line":2,"column":15},"end":{"line":2,"column":32}},"2":{"start":{"line":3,"column":0},"end":{"line":3,"column":36}},"3":{"start":{"line":4,"column":22},"end":{"line":4,"column":55}},"4":{"start":{"line":5,"column":15},"end":{"line":5,"column":32}},"5":{"start":{"line":6,"column":15},"end":{"line":6,"column":32}},"6":{"start":{"line":7,"column":12},"end":{"line":7,"column":32}},"7":{"start":{"line":8,"column":13},"end":{"line":8,"column":28}},"8":{"start":{"line":9,"column":12},"end":{"line":9,"column":21}},"9":{"start":{"line":10,"column":13},"end":{"line":10,"column":29}},"10":{"start":{"line":11,"column":18},"end":{"line":11,"column":43}},"11":{"start":{"line":14,"column":19},"end":{"line":14,"column":50}},"12":{"start":{"line":15,"column":24},"end":{"line":15,"column":60}},"13":{"start":{"line":18,"column":0},"end":{"line":18,"column":25}},"14":{"start":{"line":19,"column":0},"end":{"line":19,"column":15}},"15":{"start":{"line":20,"column":0},"end":{"line":20,"column":18}},"16":{"start":{"line":21,"column":0},"end":{"line":21,"column":16}},"17":{"start":{"line":22,"column":0},"end":{"line":22,"column":23}},"18":{"start":{"line":23,"column":0},"end":{"line":23,"column":24}},"19":{"start":{"line":24,"column":0},"end":{"line":24,"column":12}},"20":{"start":{"line":26,"column":0},"end":{"line":26,"column":36}},"21":{"start":{"line":27,"column":0},"end":{"line":27,"column":48}},"22":{"start":{"line":29,"column":15},"end":{"line":47,"column":2}},"23":{"start":{"line":30,"column":4},"end":{"line":46,"column":5}},"24":{"start":{"line":32,"column":8},"end":{"line":38,"column":9}},"25":{"start":{"line":33,"column":12},"end":{"line":33,"column":73}},"26":{"start":{"line":37,"column":12},"end":{"line":37,"column":75}},"27":{"start":{"line":43,"column":8},"end":{"line":45,"column":9}},"28":{"start":{"line":44,"column":12},"end":{"line":44,"column":38}},"29":{"start":{"line":51,"column":0},"end":{"line":55,"column":3}},"30":{"start":{"line":52,"column":4},"end":{"line":52,"column":97}},"31":{"start":{"line":54,"column":4},"end":{"line":54,"column":18}},"32":{"start":{"line":58,"column":0},"end":{"line":58,"column":24}}},"fnMap":{"0":{"name":"(anonymous_0)","decl":{"start":{"line":29,"column":32},"end":{"line":29,"column":33}},"loc":{"start":{"line":29,"column":41},"end":{"line":47,"column":1}},"line":29},"1":{"name":"(anonymous_1)","decl":{"start":{"line":51,"column":13},"end":{"line":51,"column":14}},"loc":{"start":{"line":51,"column":42},"end":{"line":55,"column":1}},"line":51}},"branchMap":{"0":{"loc":{"start":{"line":32,"column":8},"end":{"line":38,"column":9}},"type":"if","locations":[{"start":{"line":32,"column":8},"end":{"line":38,"column":9}},{"start":{"line":36,"column":13},"end":{"line":38,"column":9}}],"line":32},"1":{"loc":{"start":{"line":43,"column":8},"end":{"line":45,"column":9}},"type":"if","locations":[{"start":{"line":43,"column":8},"end":{"line":45,"column":9}},{"start":{},"end":{}}],"line":43}},"s":{"0":1,"1":1,"2":1,"3":1,"4":1,"5":1,"6":1,"7":1,"8":1,"9":1,"10":1,"11":1,"12":1,"13":1,"14":1,"15":1,"16":1,"17":1,"18":1,"19":1,"20":1,"21":1,"22":1,"23":1,"24":1,"25":1,"26":0,"27":0,"28":0,"29":1,"30":0,"31":0,"32":1},"f":{"0":1,"1":0},"b":{"0":[1,0],"1":[0,0]},"_coverageSchema":"1a1c01bbd47fc00a2c39e90264f33305004495a9","hash":"e4c8ba717f5f1918d851862b6ad742557670058e"}
,"/Users/sabin2000/Desktop/eHouseholds/backend/utils/catchAsync.js": {"path":"/Users/sabin2000/Desktop/eHouseholds/backend/utils/catchAsync.js","statementMap":{"0":{"start":{"line":1,"column":19},"end":{"line":1,"column":110}},"1":{"start":{"line":1,"column":25},"end":{"line":1,"column":110}},"2":{"start":{"line":1,"column":54},"end":{"line":1,"column":110}},"3":{"start":{"line":2,"column":0},"end":{"line":2,"column":28}}},"fnMap":{"0":{"name":"(anonymous_0)","decl":{"start":{"line":1,"column":19},"end":{"line":1,"column":20}},"loc":{"start":{"line":1,"column":25},"end":{"line":1,"column":110}},"line":1},"1":{"name":"(anonymous_1)","decl":{"start":{"line":1,"column":25},"end":{"line":1,"column":26}},"loc":{"start":{"line":1,"column":54},"end":{"line":1,"column":110}},"line":1}},"branchMap":{},"s":{"0":1,"1":13,"2":5,"3":1},"f":{"0":13,"1":5},"b":{},"_coverageSchema":"1a1c01bbd47fc00a2c39e90264f33305004495a9","hash":"2acdc2c2b7a95028557191158d89b5f71644d97a"}
}
